[LOG] System::create                           : Header version = 2.01.07. Current version = 2.01.07.
[LOG] Manager::init                            : maxchannels = 256 studioflags = 00000006 flags 00000000 extradriverdata 0000000000000000.
[LOG] SystemI::init                            : Initialize version=20107 (113487), maxchannels=256, flags=0x00020000
[LOG] SystemI::setOutputInternal               : Setting output to 'FMOD WASAPI Output'
[LOG] OutputWASAPI::init                       : Mix Format (WAVEFORMATEX): wFormatTag=0xFFFE, nChannels=2, nSamplesPerSec=48000, nAvgBytesPerSec=384000, nBlockAlign=8, wBitsPerSample=32, cbSize=22.
[LOG] OutputWASAPI::init                       : Mix Format (WAVEFORMATEXTENSIBLE): wValidBitsPerSample=32, dwChannelMask=0x00000003, SubFormat=00000003-0000-0010-8000-00AA00389B71.
[LOG] OutputWASAPI::init                       : Output buffer size: 4096 samples, latency: 0.00ms, period: 10.00ms, DSP buffer: 1024 * 4
[LOG] Thread::initThread                       : Init FMOD stream thread. Affinity: 0x8000000000000003, Priority: 0xFFFF7FFB, Stack Size: 98304, Semaphore: No, Sleep Time: 10, Looping: Yes.
[LOG] Thread::initThread                       : Init FMOD mixer thread. Affinity: 0x8000000000000001, Priority: 0xFFFF7FFA, Stack Size: 81920, Semaphore: No, Sleep Time: 0, Looping: Yes.
[LOG] AsyncManager::init                       : manager 00000199A66E7998 isAsync 0 updatePeriod 0.02
[LOG] AsyncManager::init                       : done
[LOG] PlaybackSystem::init                     : 
[LOG] Thread::initThread                       : Init FMOD Studio sample load thread. Affinity: 0x8000000000000003, Priority: 0xFFFF7FFD, Stack Size: 98304, Semaphore: No, Sleep Time: 1, Looping: No.
[LOG] PlaybackSystem::init                     : done
[LOG] Thread::initThread                       : Init FMOD Studio bank load thread. Affinity: 0x8000000000000003, Priority: 0xFFFF7FFD, Stack Size: 98304, Semaphore: No, Sleep Time: 1, Looping: No.
[LOG] Manager::init                            : done.
[LOG] Manager::readBank                        : fileversion = 135, compatVersion = 132 (oldest = 44, newest = 135)
[LOG] PlaybackSystem::acquireMasterBus         : Setting master channel group format to 6
[LOG] Manager::readBank                        : fileversion = 135, compatVersion = 132 (oldest = 44, newest = 135)
[LOG] SystemI::createSoundInternal             : Create name='', mode=0x02000202
[LOG] SystemI::createSoundInternal             : exinfo->cbsize             = 224
[LOG] SystemI::createSoundInternal             : exinfo->length             = 21507872
[LOG] SystemI::createSoundInternal             : exinfo->fileoffset         = 77824
[LOG] SystemI::createSoundInternal             : exinfo->numsubsounds       = 1
[LOG] SystemI::createSoundInternal             : exinfo->inclusionlist      = 000000010517F098
[LOG] SystemI::createSoundInternal             : exinfo->inclusionlistnum   = 1
[LOG] SystemI::createSoundInternal             : exinfo->suggestedsoundtype = 5
[LOG] SystemI::createSoundInternal             : exinfo->useropen           = 00007FF8B8F07B10
[LOG] SystemI::createSoundInternal             : exinfo->userclose          = 00007FF8B8F07AE0
[LOG] SystemI::createSoundInternal             : exinfo->userread           = 00007FF8B8F07BE0
[LOG] SystemI::createSoundInternal             : exinfo->userseek           = 00007FF8B8F07CA0
[LOG] SystemI::createSoundInternal             : exinfo->fileuserdata       = 00000199C467C418
[LOG] SystemI::createSoundInternal             : exinfo->initialseekpostype = 1
[LOG] SystemI::DSPCodecPoolRegister            : register codec pool for pool type 5
[LOG] SystemI::createSoundInternal             : Sample 0/1: name='footsteps_player_grass_03', format=5, channels=1, frequency=48000, lengthbytes=4416, lengthpcm=24030, pcmblocksize=0, loopstart=0, loopend=0, mode=0x00000000, channelmask=0x00000000, channelorder=0, peakvolume=0.259521.
[LOG] SystemI::createSoundInternal             : Create name='', mode=0x02000202
[LOG] SystemI::createSoundInternal             : exinfo->cbsize             = 224
[LOG] SystemI::createSoundInternal             : exinfo->length             = 21507872
[LOG] SystemI::createSoundInternal             : exinfo->fileoffset         = 77824
[LOG] SystemI::createSoundInternal             : exinfo->numsubsounds       = 1
[LOG] SystemI::createSoundInternal             : exinfo->inclusionlist      = 000000010517F098
[LOG] SystemI::createSoundInternal             : exinfo->inclusionlistnum   = 1
[LOG] SystemI::createSoundInternal             : exinfo->suggestedsoundtype = 5
[LOG] SystemI::createSoundInternal             : exinfo->useropen           = 00007FF8B8F07B10
[LOG] SystemI::createSoundInternal             : exinfo->userclose          = 00007FF8B8F07AE0
[LOG] SystemI::createSoundInternal             : exinfo->userread           = 00007FF8B8F07BE0
[LOG] SystemI::createSoundInternal             : exinfo->userseek           = 00007FF8B8F07CA0
[LOG] SystemI::createSoundInternal             : exinfo->fileuserdata       = 00000199C467C418
[LOG] SystemI::createSoundInternal             : exinfo->initialseekpostype = 1
[LOG] SystemI::DSPCodecPoolRegister            : register codec pool for pool type 5
[LOG] SystemI::createSoundInternal             : Sample 0/1: name='footsteps_player_wood_02', format=5, channels=1, frequency=48000, lengthbytes=2912, lengthpcm=23980, pcmblocksize=0, loopstart=0, loopend=0, mode=0x00000000, channelmask=0x00000000, channelorder=0, peakvolume=0.257935.
[LOG] SystemI::createSoundInternal             : Create name='', mode=0x02000202
[LOG] SystemI::createSoundInternal             : exinfo->cbsize             = 224
[LOG] SystemI::createSoundInternal             : exinfo->length             = 21507872
[LOG] SystemI::createSoundInternal             : exinfo->fileoffset         = 77824
[LOG] SystemI::createSoundInternal             : exinfo->numsubsounds       = 1
[LOG] SystemI::createSoundInternal             : exinfo->inclusionlist      = 000000010517F098
[LOG] SystemI::createSoundInternal             : exinfo->inclusionlistnum   = 1
[LOG] SystemI::createSoundInternal             : exinfo->suggestedsoundtype = 5
[LOG] SystemI::createSoundInternal             : exinfo->useropen           = 00007FF8B8F07B10
[LOG] SystemI::createSoundInternal             : exinfo->userclose          = 00007FF8B8F07AE0
[LOG] SystemI::createSoundInternal             : exinfo->userread           = 00007FF8B8F07BE0
[LOG] SystemI::createSoundInternal             : exinfo->userseek           = 00007FF8B8F07CA0
[LOG] SystemI::createSoundInternal             : exinfo->fileuserdata       = 00000199C467C418
[LOG] SystemI::createSoundInternal             : exinfo->initialseekpostype = 1
[LOG] SystemI::DSPCodecPoolRegister            : register codec pool for pool type 5
[LOG] SystemI::createSoundInternal             : Sample 0/1: name='footsteps_player_carpet_02', format=5, channels=1, frequency=48000, lengthbytes=2688, lengthpcm=24063, pcmblocksize=0, loopstart=0, loopend=0, mode=0x00000000, channelmask=0x00000000, channelorder=0, peakvolume=0.444519.
[LOG] SystemI::createSoundInternal             : Create name='', mode=0x02000202
[LOG] SystemI::createSoundInternal             : exinfo->cbsize             = 224
[LOG] SystemI::createSoundInternal             : exinfo->length             = 21507872
[LOG] SystemI::createSoundInternal             : exinfo->fileoffset         = 77824
[LOG] SystemI::createSoundInternal             : exinfo->numsubsounds       = 1
[LOG] SystemI::createSoundInternal             : exinfo->inclusionlist      = 000000010517F098
[LOG] SystemI::createSoundInternal             : exinfo->inclusionlistnum   = 1
[LOG] SystemI::createSoundInternal             : exinfo->suggestedsoundtype = 5
[LOG] SystemI::createSoundInternal             : exinfo->useropen           = 00007FF8B8F07B10
[LOG] SystemI::createSoundInternal             : exinfo->userclose          = 00007FF8B8F07AE0
[LOG] SystemI::createSoundInternal             : exinfo->userread           = 00007FF8B8F07BE0
[LOG] SystemI::createSoundInternal             : exinfo->userseek           = 00007FF8B8F07CA0
[LOG] SystemI::createSoundInternal             : exinfo->fileuserdata       = 00000199C467C418
[LOG] SystemI::createSoundInternal             : exinfo->initialseekpostype = 1
[LOG] SystemI::DSPCodecPoolRegister            : register codec pool for pool type 5
[LOG] SystemI::createSoundInternal             : Sample 0/1: name='footsteps_player_wood_04', format=5, channels=1, frequency=48000, lengthbytes=2816, lengthpcm=23607, pcmblocksize=0, loopstart=0, loopend=0, mode=0x00000000, channelmask=0x00000000, channelorder=0, peakvolume=0.503662.
[LOG] SystemI::createSoundInternal             : Create name='', mode=0x02000202
[LOG] SystemI::createSoundInternal             : exinfo->cbsize             = 224
[LOG] SystemI::createSoundInternal             : exinfo->length             = 21507872
[LOG] SystemI::createSoundInternal             : exinfo->fileoffset         = 77824
[LOG] SystemI::createSoundInternal             : exinfo->numsubsounds       = 1
[LOG] SystemI::createSoundInternal             : exinfo->inclusionlist      = 000000010517F098
[LOG] SystemI::createSoundInternal             : exinfo->inclusionlistnum   = 1
[LOG] SystemI::createSoundInternal             : exinfo->suggestedsoundtype = 5
[LOG] SystemI::createSoundInternal             : exinfo->useropen           = 00007FF8B8F07B10
[LOG] SystemI::createSoundInternal             : exinfo->userclose          = 00007FF8B8F07AE0
[LOG] SystemI::createSoundInternal             : exinfo->userread           = 00007FF8B8F07BE0
[LOG] SystemI::createSoundInternal             : exinfo->userseek           = 00007FF8B8F07CA0
[LOG] SystemI::createSoundInternal             : exinfo->fileuserdata       = 00000199C467C418
[LOG] SystemI::createSoundInternal             : exinfo->initialseekpostype = 1
[LOG] SystemI::DSPCodecPoolRegister            : register codec pool for pool type 5
[LOG] SystemI::createSoundInternal             : Sample 0/1: name='footsteps_player_carpet_03', format=5, channels=1, frequency=48000, lengthbytes=2656, lengthpcm=23998, pcmblocksize=0, loopstart=0, loopend=0, mode=0x00000000, channelmask=0x00000000, channelorder=0, peakvolume=0.503937.
[LOG] SystemI::createSoundInternal             : Create name='', mode=0x02000202
[LOG] SystemI::createSoundInternal             : exinfo->cbsize             = 224
[LOG] SystemI::createSoundInternal             : exinfo->length             = 21507872
[LOG] SystemI::createSoundInternal             : exinfo->fileoffset         = 77824
[LOG] SystemI::createSoundInternal             : exinfo->numsubsounds       = 1
[LOG] SystemI::createSoundInternal             : exinfo->inclusionlist      = 000000010517F098
[LOG] SystemI::createSoundInternal             : exinfo->inclusionlistnum   = 1
[LOG] SystemI::createSoundInternal             : exinfo->suggestedsoundtype = 5
[LOG] SystemI::createSoundInternal             : exinfo->useropen           = 00007FF8B8F07B10
[LOG] SystemI::createSoundInternal             : exinfo->userclose          = 00007FF8B8F07AE0
[LOG] SystemI::createSoundInternal             : exinfo->userread           = 00007FF8B8F07BE0
[LOG] SystemI::createSoundInternal             : exinfo->userseek           = 00007FF8B8F07CA0
[LOG] SystemI::createSoundInternal             : exinfo->fileuserdata       = 00000199C467C418
[LOG] SystemI::createSoundInternal             : exinfo->initialseekpostype = 1
[LOG] SystemI::DSPCodecPoolRegister            : register codec pool for pool type 5
[LOG] SystemI::createSoundInternal             : Sample 0/1: name='footsteps_player_grass_02', format=5, channels=1, frequency=48000, lengthbytes=4544, lengthpcm=23983, pcmblocksize=0, loopstart=0, loopend=0, mode=0x00000000, channelmask=0x00000000, channelorder=0, peakvolume=0.121368.
[LOG] SystemI::createSoundInternal             : Create name='', mode=0x02000202
[LOG] SystemI::createSoundInternal             : exinfo->cbsize             = 224
[LOG] SystemI::createSoundInternal             : exinfo->length             = 21507872
[LOG] SystemI::createSoundInternal             : exinfo->fileoffset         = 77824
[LOG] SystemI::createSoundInternal             : exinfo->numsubsounds       = 1
[LOG] SystemI::createSoundInternal             : exinfo->inclusionlist      = 000000010517F098
[LOG] SystemI::createSoundInternal             : exinfo->inclusionlistnum   = 1
[LOG] SystemI::createSoundInternal             : exinfo->suggestedsoundtype = 5
[LOG] SystemI::createSoundInternal             : exinfo->useropen           = 00007FF8B8F07B10
[LOG] SystemI::createSoundInternal             : exinfo->userclose          = 00007FF8B8F07AE0
[LOG] SystemI::createSoundInternal             : exinfo->userread           = 00007FF8B8F07BE0
[LOG] SystemI::createSoundInternal             : exinfo->userseek           = 00007FF8B8F07CA0
[LOG] SystemI::createSoundInternal             : exinfo->fileuserdata       = 00000199C467C418
[LOG] SystemI::createSoundInternal             : exinfo->initialseekpostype = 1
[LOG] SystemI::DSPCodecPoolRegister            : register codec pool for pool type 5
[LOG] SystemI::createSoundInternal             : Sample 0/1: name='footsteps_player_wood_03', format=5, channels=1, frequency=48000, lengthbytes=2720, lengthpcm=23998, pcmblocksize=0, loopstart=0, loopend=0, mode=0x00000000, channelmask=0x00000000, channelorder=0, peakvolume=0.503265.
[LOG] SystemI::createSoundInternal             : Create name='', mode=0x02000202
[LOG] SystemI::createSoundInternal             : exinfo->cbsize             = 224
[LOG] SystemI::createSoundInternal             : exinfo->length             = 21507872
[LOG] SystemI::createSoundInternal             : exinfo->fileoffset         = 77824
[LOG] SystemI::createSoundInternal             : exinfo->numsubsounds       = 1
[LOG] SystemI::createSoundInternal             : exinfo->inclusionlist      = 000000010517F098
[LOG] SystemI::createSoundInternal             : exinfo->inclusionlistnum   = 1
[LOG] SystemI::createSoundInternal             : exinfo->suggestedsoundtype = 5
[LOG] SystemI::createSoundInternal             : exinfo->useropen           = 00007FF8B8F07B10
[LOG] SystemI::createSoundInternal             : exinfo->userclose          = 00007FF8B8F07AE0
[LOG] SystemI::createSoundInternal             : exinfo->userread           = 00007FF8B8F07BE0
[LOG] SystemI::createSoundInternal             : exinfo->userseek           = 00007FF8B8F07CA0
[LOG] SystemI::createSoundInternal             : exinfo->fileuserdata       = 00000199C467C418
[LOG] SystemI::createSoundInternal             : exinfo->initialseekpostype = 1
[LOG] SystemI::DSPCodecPoolRegister            : register codec pool for pool type 5
[LOG] SystemI::createSoundInternal             : Sample 0/1: name='footsteps_player_grass_01', format=5, channels=1, frequency=48000, lengthbytes=4576, lengthpcm=24024, pcmblocksize=0, loopstart=0, loopend=0, mode=0x00000000, channelmask=0x00000000, channelorder=0, peakvolume=0.140381.
[LOG] SystemI::createSoundInternal             : Create name='', mode=0x02000202
[LOG] SystemI::createSoundInternal             : exinfo->cbsize             = 224
[LOG] SystemI::createSoundInternal             : exinfo->length             = 21507872
[LOG] SystemI::createSoundInternal             : exinfo->fileoffset         = 77824
[LOG] SystemI::createSoundInternal             : exinfo->numsubsounds       = 1
[LOG] SystemI::createSoundInternal             : exinfo->inclusionlist      = 000000010517F098
[LOG] SystemI::createSoundInternal             : exinfo->inclusionlistnum   = 1
[LOG] SystemI::createSoundInternal             : exinfo->suggestedsoundtype = 5
[LOG] SystemI::createSoundInternal             : exinfo->useropen           = 00007FF8B8F07B10
[LOG] SystemI::createSoundInternal             : exinfo->userclose          = 00007FF8B8F07AE0
[LOG] SystemI::createSoundInternal             : exinfo->userread           = 00007FF8B8F07BE0
[LOG] SystemI::createSoundInternal             : exinfo->userseek           = 00007FF8B8F07CA0
[LOG] SystemI::createSoundInternal             : exinfo->fileuserdata       = 00000199C467C418
[LOG] SystemI::createSoundInternal             : exinfo->initialseekpostype = 1
[LOG] SystemI::DSPCodecPoolRegister            : register codec pool for pool type 5
[LOG] SystemI::createSoundInternal             : Sample 0/1: name='footsteps_player_wood_01', format=5, channels=1, frequency=48000, lengthbytes=2368, lengthpcm=24064, pcmblocksize=0, loopstart=0, loopend=0, mode=0x00000000, channelmask=0x00000000, channelorder=0, peakvolume=0.486694.
[LOG] SystemI::createSoundInternal             : Create name='', mode=0x02000202
[LOG] SystemI::createSoundInternal             : exinfo->cbsize             = 224
[LOG] SystemI::createSoundInternal             : exinfo->length             = 21507872
[LOG] SystemI::createSoundInternal             : exinfo->fileoffset         = 77824
[LOG] SystemI::createSoundInternal             : exinfo->numsubsounds       = 1
[LOG] SystemI::createSoundInternal             : exinfo->inclusionlist      = 000000010517F098
[LOG] SystemI::createSoundInternal             : exinfo->inclusionlistnum   = 1
[LOG] SystemI::createSoundInternal             : exinfo->suggestedsoundtype = 5
[LOG] SystemI::createSoundInternal             : exinfo->useropen           = 00007FF8B8F07B10
[LOG] SystemI::createSoundInternal             : exinfo->userclose          = 00007FF8B8F07AE0
[LOG] SystemI::createSoundInternal             : exinfo->userread           = 00007FF8B8F07BE0
[LOG] SystemI::createSoundInternal             : exinfo->userseek           = 00007FF8B8F07CA0
[LOG] SystemI::createSoundInternal             : exinfo->fileuserdata       = 00000199C467C418
[LOG] SystemI::createSoundInternal             : exinfo->initialseekpostype = 1
[LOG] SystemI::DSPCodecPoolRegister            : register codec pool for pool type 5
[LOG] SystemI::createSoundInternal             : Sample 0/1: name='footsteps_player_carpet_01', format=5, channels=1, frequency=48000, lengthbytes=2816, lengthpcm=23994, pcmblocksize=0, loopstart=0, loopend=0, mode=0x00000000, channelmask=0x00000000, channelorder=0, peakvolume=0.490570.
[LOG] SoundI::release                          :  (00000199B7D7D948)
[LOG] SoundI::release                          :     footsteps_player_carpet_01 (000001992336EC28)
[LOG] SoundI::release                          :  (00000199B7D7D4F8)
[LOG] SoundI::release                          :     footsteps_player_carpet_02 (00000199233702E8)
[LOG] SoundI::release                          :  (00000199B7D7DAB8)
[LOG] SoundI::release                          :     footsteps_player_carpet_03 (0000019923370CA8)
[LOG] SoundI::release                          :  (00000199B7D7C698)
[LOG] SoundI::release                          :     footsteps_player_wood_01 (000001992336DF28)
[LOG] SoundI::release                          :  (00000199B7D7C248)
[LOG] SoundI::release                          :     footsteps_player_wood_02 (000001992336DD88)
[LOG] SoundI::release                          :  (00000199B7D7C528)
[LOG] SoundI::release                          :     footsteps_player_wood_03 (000001992336D228)
[LOG] SoundI::release                          :  (00000199B7D7C978)
[LOG] SoundI::release                          :     footsteps_player_wood_04 (000001992336EA88)
[LOG] SoundI::release                          :  (00000199B7D7D7D8)
[LOG] SoundI::release                          :     footsteps_player_grass_01 (000001992336F448)
[LOG] SoundI::release                          :  (00000199B7D7BC88)
[LOG] SoundI::release                          :     footsteps_player_grass_02 (000001992336FC68)
[LOG] SoundI::release                          :  (00000199B7D7DC28)
[LOG] SoundI::release                          :     footsteps_player_grass_03 (000001992336DBE8)
[LOG] Manager::readBank                        : fileversion = 135, compatVersion = 132 (oldest = 44, newest = 135)
[LOG] PlaybackSystem::acquireMasterBus         : Setting master channel group format to 6
[LOG] Manager::readBank                        : fileversion = 135, compatVersion = 132 (oldest = 44, newest = 135)
[LOG] SystemI::createSoundInternal             : Create name='', mode=0x02000202
[LOG] SystemI::createSoundInternal             : exinfo->cbsize             = 224
[LOG] SystemI::createSoundInternal             : exinfo->length             = 21507872
[LOG] SystemI::createSoundInternal             : exinfo->fileoffset         = 77824
[LOG] SystemI::createSoundInternal             : exinfo->numsubsounds       = 1
[LOG] SystemI::createSoundInternal             : exinfo->inclusionlist      = 000000010517F098
[LOG] SystemI::createSoundInternal             : exinfo->inclusionlistnum   = 1
[LOG] SystemI::createSoundInternal             : exinfo->suggestedsoundtype = 5
[LOG] SystemI::createSoundInternal             : exinfo->useropen           = 00007FF8B8F07B10
[LOG] SystemI::createSoundInternal             : exinfo->userclose          = 00007FF8B8F07AE0
[LOG] SystemI::createSoundInternal             : exinfo->userread           = 00007FF8B8F07BE0
[LOG] SystemI::createSoundInternal             : exinfo->userseek           = 00007FF8B8F07CA0
[LOG] SystemI::createSoundInternal             : exinfo->fileuserdata       = 00000199C467C418
[LOG] SystemI::createSoundInternal             : exinfo->initialseekpostype = 1
[LOG] SystemI::DSPCodecPoolRegister            : register codec pool for pool type 5
[LOG] SystemI::createSoundInternal             : Sample 0/1: name='footsteps_player_grass_03', format=5, channels=1, frequency=48000, lengthbytes=4416, lengthpcm=24030, pcmblocksize=0, loopstart=0, loopend=0, mode=0x00000000, channelmask=0x00000000, channelorder=0, peakvolume=0.259521.
[LOG] SystemI::createSoundInternal             : Create name='', mode=0x02000202
[LOG] SystemI::createSoundInternal             : exinfo->cbsize             = 224
[LOG] SystemI::createSoundInternal             : exinfo->length             = 21507872
[LOG] SystemI::createSoundInternal             : exinfo->fileoffset         = 77824
[LOG] SystemI::createSoundInternal             : exinfo->numsubsounds       = 1
[LOG] SystemI::createSoundInternal             : exinfo->inclusionlist      = 000000010517F098
[LOG] SystemI::createSoundInternal             : exinfo->inclusionlistnum   = 1
[LOG] SystemI::createSoundInternal             : exinfo->suggestedsoundtype = 5
[LOG] SystemI::createSoundInternal             : exinfo->useropen           = 00007FF8B8F07B10
[LOG] SystemI::createSoundInternal             : exinfo->userclose          = 00007FF8B8F07AE0
[LOG] SystemI::createSoundInternal             : exinfo->userread           = 00007FF8B8F07BE0
[LOG] SystemI::createSoundInternal             : exinfo->userseek           = 00007FF8B8F07CA0
[LOG] SystemI::createSoundInternal             : exinfo->fileuserdata       = 00000199C467C418
[LOG] SystemI::createSoundInternal             : exinfo->initialseekpostype = 1
[LOG] SystemI::DSPCodecPoolRegister            : register codec pool for pool type 5
[LOG] SystemI::createSoundInternal             : Sample 0/1: name='footsteps_player_wood_02', format=5, channels=1, frequency=48000, lengthbytes=2912, lengthpcm=23980, pcmblocksize=0, loopstart=0, loopend=0, mode=0x00000000, channelmask=0x00000000, channelorder=0, peakvolume=0.257935.
[LOG] SystemI::createSoundInternal             : Create name='', mode=0x02000202
[LOG] SystemI::createSoundInternal             : exinfo->cbsize             = 224
[LOG] SystemI::createSoundInternal             : exinfo->length             = 21507872
[LOG] SystemI::createSoundInternal             : exinfo->fileoffset         = 77824
[LOG] SystemI::createSoundInternal             : exinfo->numsubsounds       = 1
[LOG] SystemI::createSoundInternal             : exinfo->inclusionlist      = 000000010517F098
[LOG] SystemI::createSoundInternal             : exinfo->inclusionlistnum   = 1
[LOG] SystemI::createSoundInternal             : exinfo->suggestedsoundtype = 5
[LOG] SystemI::createSoundInternal             : exinfo->useropen           = 00007FF8B8F07B10
[LOG] SystemI::createSoundInternal             : exinfo->userclose          = 00007FF8B8F07AE0
[LOG] SystemI::createSoundInternal             : exinfo->userread           = 00007FF8B8F07BE0
[LOG] SystemI::createSoundInternal             : exinfo->userseek           = 00007FF8B8F07CA0
[LOG] SystemI::createSoundInternal             : exinfo->fileuserdata       = 00000199C467C418
[LOG] SystemI::createSoundInternal             : exinfo->initialseekpostype = 1
[LOG] SystemI::DSPCodecPoolRegister            : register codec pool for pool type 5
[LOG] SystemI::createSoundInternal             : Sample 0/1: name='footsteps_player_carpet_02', format=5, channels=1, frequency=48000, lengthbytes=2688, lengthpcm=24063, pcmblocksize=0, loopstart=0, loopend=0, mode=0x00000000, channelmask=0x00000000, channelorder=0, peakvolume=0.444519.
[LOG] SystemI::createSoundInternal             : Create name='', mode=0x02000202
[LOG] SystemI::createSoundInternal             : exinfo->cbsize             = 224
[LOG] SystemI::createSoundInternal             : exinfo->length             = 21507872
[LOG] SystemI::createSoundInternal             : exinfo->fileoffset         = 77824
[LOG] SystemI::createSoundInternal             : exinfo->numsubsounds       = 1
[LOG] SystemI::createSoundInternal             : exinfo->inclusionlist      = 000000010517F098
[LOG] SystemI::createSoundInternal             : exinfo->inclusionlistnum   = 1
[LOG] SystemI::createSoundInternal             : exinfo->suggestedsoundtype = 5
[LOG] SystemI::createSoundInternal             : exinfo->useropen           = 00007FF8B8F07B10
[LOG] SystemI::createSoundInternal             : exinfo->userclose          = 00007FF8B8F07AE0
[LOG] SystemI::createSoundInternal             : exinfo->userread           = 00007FF8B8F07BE0
[LOG] SystemI::createSoundInternal             : exinfo->userseek           = 00007FF8B8F07CA0
[LOG] SystemI::createSoundInternal             : exinfo->fileuserdata       = 00000199C467C418
[LOG] SystemI::createSoundInternal             : exinfo->initialseekpostype = 1
[LOG] SystemI::DSPCodecPoolRegister            : register codec pool for pool type 5
[LOG] SystemI::createSoundInternal             : Sample 0/1: name='footsteps_player_wood_04', format=5, channels=1, frequency=48000, lengthbytes=2816, lengthpcm=23607, pcmblocksize=0, loopstart=0, loopend=0, mode=0x00000000, channelmask=0x00000000, channelorder=0, peakvolume=0.503662.
[LOG] SystemI::createSoundInternal             : Create name='', mode=0x02000202
[LOG] SystemI::createSoundInternal             : exinfo->cbsize             = 224
[LOG] SystemI::createSoundInternal             : exinfo->length             = 21507872
[LOG] SystemI::createSoundInternal             : exinfo->fileoffset         = 77824
[LOG] SystemI::createSoundInternal             : exinfo->numsubsounds       = 1
[LOG] SystemI::createSoundInternal             : exinfo->inclusionlist      = 000000010517F098
[LOG] SystemI::createSoundInternal             : exinfo->inclusionlistnum   = 1
[LOG] SystemI::createSoundInternal             : exinfo->suggestedsoundtype = 5
[LOG] SystemI::createSoundInternal             : exinfo->useropen           = 00007FF8B8F07B10
[LOG] SystemI::createSoundInternal             : exinfo->userclose          = 00007FF8B8F07AE0
[LOG] SystemI::createSoundInternal             : exinfo->userread           = 00007FF8B8F07BE0
[LOG] SystemI::createSoundInternal             : exinfo->userseek           = 00007FF8B8F07CA0
[LOG] SystemI::createSoundInternal             : exinfo->fileuserdata       = 00000199C467C418
[LOG] SystemI::createSoundInternal             : exinfo->initialseekpostype = 1
[LOG] SystemI::DSPCodecPoolRegister            : register codec pool for pool type 5
[LOG] SystemI::createSoundInternal             : Sample 0/1: name='footsteps_player_carpet_03', format=5, channels=1, frequency=48000, lengthbytes=2656, lengthpcm=23998, pcmblocksize=0, loopstart=0, loopend=0, mode=0x00000000, channelmask=0x00000000, channelorder=0, peakvolume=0.503937.
[LOG] SystemI::createSoundInternal             : Create name='', mode=0x02000202
[LOG] SystemI::createSoundInternal             : exinfo->cbsize             = 224
[LOG] SystemI::createSoundInternal             : exinfo->length             = 21507872
[LOG] SystemI::createSoundInternal             : exinfo->fileoffset         = 77824
[LOG] SystemI::createSoundInternal             : exinfo->numsubsounds       = 1
[LOG] SystemI::createSoundInternal             : exinfo->inclusionlist      = 000000010517F098
[LOG] SystemI::createSoundInternal             : exinfo->inclusionlistnum   = 1
[LOG] SystemI::createSoundInternal             : exinfo->suggestedsoundtype = 5
[LOG] SystemI::createSoundInternal             : exinfo->useropen           = 00007FF8B8F07B10
[LOG] SystemI::createSoundInternal             : exinfo->userclose          = 00007FF8B8F07AE0
[LOG] SystemI::createSoundInternal             : exinfo->userread           = 00007FF8B8F07BE0
[LOG] SystemI::createSoundInternal             : exinfo->userseek           = 00007FF8B8F07CA0
[LOG] SystemI::createSoundInternal             : exinfo->fileuserdata       = 00000199C467C418
[LOG] SystemI::createSoundInternal             : exinfo->initialseekpostype = 1
[LOG] SystemI::DSPCodecPoolRegister            : register codec pool for pool type 5
[LOG] SystemI::createSoundInternal             : Sample 0/1: name='footsteps_player_grass_02', format=5, channels=1, frequency=48000, lengthbytes=4544, lengthpcm=23983, pcmblocksize=0, loopstart=0, loopend=0, mode=0x00000000, channelmask=0x00000000, channelorder=0, peakvolume=0.121368.
[LOG] SystemI::createSoundInternal             : Create name='', mode=0x02000202
[LOG] SystemI::createSoundInternal             : exinfo->cbsize             = 224
[LOG] SystemI::createSoundInternal             : exinfo->length             = 21507872
[LOG] SystemI::createSoundInternal             : exinfo->fileoffset         = 77824
[LOG] SystemI::createSoundInternal             : exinfo->numsubsounds       = 1
[LOG] SystemI::createSoundInternal             : exinfo->inclusionlist      = 000000010517F098
[LOG] SystemI::createSoundInternal             : exinfo->inclusionlistnum   = 1
[LOG] SystemI::createSoundInternal             : exinfo->suggestedsoundtype = 5
[LOG] SystemI::createSoundInternal             : exinfo->useropen           = 00007FF8B8F07B10
[LOG] SystemI::createSoundInternal             : exinfo->userclose          = 00007FF8B8F07AE0
[LOG] SystemI::createSoundInternal             : exinfo->userread           = 00007FF8B8F07BE0
[LOG] SystemI::createSoundInternal             : exinfo->userseek           = 00007FF8B8F07CA0
[LOG] SystemI::createSoundInternal             : exinfo->fileuserdata       = 00000199C467C418
[LOG] SystemI::createSoundInternal             : exinfo->initialseekpostype = 1
[LOG] SystemI::DSPCodecPoolRegister            : register codec pool for pool type 5
[LOG] SystemI::createSoundInternal             : Sample 0/1: name='footsteps_player_wood_03', format=5, channels=1, frequency=48000, lengthbytes=2720, lengthpcm=23998, pcmblocksize=0, loopstart=0, loopend=0, mode=0x00000000, channelmask=0x00000000, channelorder=0, peakvolume=0.503265.
[LOG] SystemI::createSoundInternal             : Create name='', mode=0x02000202
[LOG] SystemI::createSoundInternal             : exinfo->cbsize             = 224
[LOG] SystemI::createSoundInternal             : exinfo->length             = 21507872
[LOG] SystemI::createSoundInternal             : exinfo->fileoffset         = 77824
[LOG] SystemI::createSoundInternal             : exinfo->numsubsounds       = 1
[LOG] SystemI::createSoundInternal             : exinfo->inclusionlist      = 000000010517F098
[LOG] SystemI::createSoundInternal             : exinfo->inclusionlistnum   = 1
[LOG] SystemI::createSoundInternal             : exinfo->suggestedsoundtype = 5
[LOG] SystemI::createSoundInternal             : exinfo->useropen           = 00007FF8B8F07B10
[LOG] SystemI::createSoundInternal             : exinfo->userclose          = 00007FF8B8F07AE0
[LOG] SystemI::createSoundInternal             : exinfo->userread           = 00007FF8B8F07BE0
[LOG] SystemI::createSoundInternal             : exinfo->userseek           = 00007FF8B8F07CA0
[LOG] SystemI::createSoundInternal             : exinfo->fileuserdata       = 00000199C467C418
[LOG] SystemI::createSoundInternal             : exinfo->initialseekpostype = 1
[LOG] SystemI::DSPCodecPoolRegister            : register codec pool for pool type 5
[LOG] SystemI::createSoundInternal             : Sample 0/1: name='footsteps_player_grass_01', format=5, channels=1, frequency=48000, lengthbytes=4576, lengthpcm=24024, pcmblocksize=0, loopstart=0, loopend=0, mode=0x00000000, channelmask=0x00000000, channelorder=0, peakvolume=0.140381.
[LOG] SystemI::createSoundInternal             : Create name='', mode=0x02000202
[LOG] SystemI::createSoundInternal             : exinfo->cbsize             = 224
[LOG] SystemI::createSoundInternal             : exinfo->length             = 21507872
[LOG] SystemI::createSoundInternal             : exinfo->fileoffset         = 77824
[LOG] SystemI::createSoundInternal             : exinfo->numsubsounds       = 1
[LOG] SystemI::createSoundInternal             : exinfo->inclusionlist      = 000000010517F098
[LOG] SystemI::createSoundInternal             : exinfo->inclusionlistnum   = 1
[LOG] SystemI::createSoundInternal             : exinfo->suggestedsoundtype = 5
[LOG] SystemI::createSoundInternal             : exinfo->useropen           = 00007FF8B8F07B10
[LOG] SystemI::createSoundInternal             : exinfo->userclose          = 00007FF8B8F07AE0
[LOG] SystemI::createSoundInternal             : exinfo->userread           = 00007FF8B8F07BE0
[LOG] SystemI::createSoundInternal             : exinfo->userseek           = 00007FF8B8F07CA0
[LOG] SystemI::createSoundInternal             : exinfo->fileuserdata       = 00000199C467C418
[LOG] SystemI::createSoundInternal             : exinfo->initialseekpostype = 1
[LOG] SystemI::DSPCodecPoolRegister            : register codec pool for pool type 5
[LOG] SystemI::createSoundInternal             : Sample 0/1: name='footsteps_player_wood_01', format=5, channels=1, frequency=48000, lengthbytes=2368, lengthpcm=24064, pcmblocksize=0, loopstart=0, loopend=0, mode=0x00000000, channelmask=0x00000000, channelorder=0, peakvolume=0.486694.
[LOG] SystemI::createSoundInternal             : Create name='', mode=0x02000202
[LOG] SystemI::createSoundInternal             : exinfo->cbsize             = 224
[LOG] SystemI::createSoundInternal             : exinfo->length             = 21507872
[LOG] SystemI::createSoundInternal             : exinfo->fileoffset         = 77824
[LOG] SystemI::createSoundInternal             : exinfo->numsubsounds       = 1
[LOG] SystemI::createSoundInternal             : exinfo->inclusionlist      = 000000010517F098
[LOG] SystemI::createSoundInternal             : exinfo->inclusionlistnum   = 1
[LOG] SystemI::createSoundInternal             : exinfo->suggestedsoundtype = 5
[LOG] SystemI::createSoundInternal             : exinfo->useropen           = 00007FF8B8F07B10
[LOG] SystemI::createSoundInternal             : exinfo->userclose          = 00007FF8B8F07AE0
[LOG] SystemI::createSoundInternal             : exinfo->userread           = 00007FF8B8F07BE0
[LOG] SystemI::createSoundInternal             : exinfo->userseek           = 00007FF8B8F07CA0
[LOG] SystemI::createSoundInternal             : exinfo->fileuserdata       = 00000199C467C418
[LOG] SystemI::createSoundInternal             : exinfo->initialseekpostype = 1
[LOG] SystemI::DSPCodecPoolRegister            : register codec pool for pool type 5
[LOG] SystemI::createSoundInternal             : Sample 0/1: name='footsteps_player_carpet_01', format=5, channels=1, frequency=48000, lengthbytes=2816, lengthpcm=23994, pcmblocksize=0, loopstart=0, loopend=0, mode=0x00000000, channelmask=0x00000000, channelorder=0, peakvolume=0.490570.
[LOG] SoundI::release                          :  (00000199B7D7CAE8)
[LOG] SoundI::release                          :     footsteps_player_carpet_01 (000001992336E0C8)
[LOG] SoundI::release                          :  (00000199B7D7D0A8)
[LOG] SoundI::release                          :     footsteps_player_carpet_02 (000001992336F928)
[LOG] SoundI::release                          :  (00000199B7D7D948)
[LOG] SoundI::release                          :     footsteps_player_carpet_03 (000001992336EC28)
[LOG] SoundI::release                          :  (00000199B7D7C978)
[LOG] SoundI::release                          :     footsteps_player_wood_01 (0000019923370628)
[LOG] SoundI::release                          :  (00000199B7D7C528)
[LOG] SoundI::release                          :     footsteps_player_wood_02 (0000019923370B08)
[LOG] SoundI::release                          :  (00000199B7D7DAB8)
[LOG] SoundI::release                          :     footsteps_player_wood_03 (000001992336F2A8)
[LOG] SoundI::release                          :  (00000199B7D7C248)
[LOG] SoundI::release                          :     footsteps_player_wood_04 (00000199233707C8)
[LOG] SoundI::release                          :  (00000199B7D7DC28)
[LOG] SoundI::release                          :     footsteps_player_grass_01 (000001992336DD88)
[LOG] SoundI::release                          :  (00000199B7D7C698)
[LOG] SoundI::release                          :     footsteps_player_grass_02 (000001992336DBE8)
[LOG] SoundI::release                          :  (00000199B7D7C808)
[LOG] SoundI::release                          :     footsteps_player_grass_03 (000001992336F108)
[LOG] Manager::readBank                        : fileversion = 135, compatVersion = 132 (oldest = 44, newest = 135)
[LOG] PlaybackSystem::acquireMasterBus         : Setting master channel group format to 6
[LOG] Manager::readBank                        : fileversion = 135, compatVersion = 132 (oldest = 44, newest = 135)
[LOG] SystemI::createSoundInternal             : Create name='', mode=0x02000202
[LOG] SystemI::createSoundInternal             : exinfo->cbsize             = 224
[LOG] SystemI::createSoundInternal             : exinfo->length             = 21507872
[LOG] SystemI::createSoundInternal             : exinfo->fileoffset         = 77824
[LOG] SystemI::createSoundInternal             : exinfo->numsubsounds       = 1
[LOG] SystemI::createSoundInternal             : exinfo->inclusionlist      = 000000010517F098
[LOG] SystemI::createSoundInternal             : exinfo->inclusionlistnum   = 1
[LOG] SystemI::createSoundInternal             : exinfo->suggestedsoundtype = 5
[LOG] SystemI::createSoundInternal             : exinfo->useropen           = 00007FF8B8F07B10
[LOG] SystemI::createSoundInternal             : exinfo->userclose          = 00007FF8B8F07AE0
[LOG] SystemI::createSoundInternal             : exinfo->userread           = 00007FF8B8F07BE0
[LOG] SystemI::createSoundInternal             : exinfo->userseek           = 00007FF8B8F07CA0
[LOG] SystemI::createSoundInternal             : exinfo->fileuserdata       = 00000199C467C838
[LOG] SystemI::createSoundInternal             : exinfo->initialseekpostype = 1
[LOG] SystemI::DSPCodecPoolRegister            : register codec pool for pool type 5
[LOG] SystemI::createSoundInternal             : Sample 0/1: name='footsteps_player_grass_03', format=5, channels=1, frequency=48000, lengthbytes=4416, lengthpcm=24030, pcmblocksize=0, loopstart=0, loopend=0, mode=0x00000000, channelmask=0x00000000, channelorder=0, peakvolume=0.259521.
[LOG] SystemI::createSoundInternal             : Create name='', mode=0x02000202
[LOG] SystemI::createSoundInternal             : exinfo->cbsize             = 224
[LOG] SystemI::createSoundInternal             : exinfo->length             = 21507872
[LOG] SystemI::createSoundInternal             : exinfo->fileoffset         = 77824
[LOG] SystemI::createSoundInternal             : exinfo->numsubsounds       = 1
[LOG] SystemI::createSoundInternal             : exinfo->inclusionlist      = 000000010517F098
[LOG] SystemI::createSoundInternal             : exinfo->inclusionlistnum   = 1
[LOG] SystemI::createSoundInternal             : exinfo->suggestedsoundtype = 5
[LOG] SystemI::createSoundInternal             : exinfo->useropen           = 00007FF8B8F07B10
[LOG] SystemI::createSoundInternal             : exinfo->userclose          = 00007FF8B8F07AE0
[LOG] SystemI::createSoundInternal             : exinfo->userread           = 00007FF8B8F07BE0
[LOG] SystemI::createSoundInternal             : exinfo->userseek           = 00007FF8B8F07CA0
[LOG] SystemI::createSoundInternal             : exinfo->fileuserdata       = 00000199C467C838
[LOG] SystemI::createSoundInternal             : exinfo->initialseekpostype = 1
[LOG] SystemI::DSPCodecPoolRegister            : register codec pool for pool type 5
[LOG] SystemI::createSoundInternal             : Sample 0/1: name='footsteps_player_wood_02', format=5, channels=1, frequency=48000, lengthbytes=2912, lengthpcm=23980, pcmblocksize=0, loopstart=0, loopend=0, mode=0x00000000, channelmask=0x00000000, channelorder=0, peakvolume=0.257935.
[LOG] SystemI::createSoundInternal             : Create name='', mode=0x02000202
[LOG] SystemI::createSoundInternal             : exinfo->cbsize             = 224
[LOG] SystemI::createSoundInternal             : exinfo->length             = 21507872
[LOG] SystemI::createSoundInternal             : exinfo->fileoffset         = 77824
[LOG] SystemI::createSoundInternal             : exinfo->numsubsounds       = 1
[LOG] SystemI::createSoundInternal             : exinfo->inclusionlist      = 000000010517F098
[LOG] SystemI::createSoundInternal             : exinfo->inclusionlistnum   = 1
[LOG] SystemI::createSoundInternal             : exinfo->suggestedsoundtype = 5
[LOG] SystemI::createSoundInternal             : exinfo->useropen           = 00007FF8B8F07B10
[LOG] SystemI::createSoundInternal             : exinfo->userclose          = 00007FF8B8F07AE0
[LOG] SystemI::createSoundInternal             : exinfo->userread           = 00007FF8B8F07BE0
[LOG] SystemI::createSoundInternal             : exinfo->userseek           = 00007FF8B8F07CA0
[LOG] SystemI::createSoundInternal             : exinfo->fileuserdata       = 00000199C467C838
[LOG] SystemI::createSoundInternal             : exinfo->initialseekpostype = 1
[LOG] SystemI::DSPCodecPoolRegister            : register codec pool for pool type 5
[LOG] SystemI::createSoundInternal             : Sample 0/1: name='footsteps_player_carpet_02', format=5, channels=1, frequency=48000, lengthbytes=2688, lengthpcm=24063, pcmblocksize=0, loopstart=0, loopend=0, mode=0x00000000, channelmask=0x00000000, channelorder=0, peakvolume=0.444519.
[LOG] SystemI::createSoundInternal             : Create name='', mode=0x02000202
[LOG] SystemI::createSoundInternal             : exinfo->cbsize             = 224
[LOG] SystemI::createSoundInternal             : exinfo->length             = 21507872
[LOG] SystemI::createSoundInternal             : exinfo->fileoffset         = 77824
[LOG] SystemI::createSoundInternal             : exinfo->numsubsounds       = 1
[LOG] SystemI::createSoundInternal             : exinfo->inclusionlist      = 000000010517F098
[LOG] SystemI::createSoundInternal             : exinfo->inclusionlistnum   = 1
[LOG] SystemI::createSoundInternal             : exinfo->suggestedsoundtype = 5
[LOG] SystemI::createSoundInternal             : exinfo->useropen           = 00007FF8B8F07B10
[LOG] SystemI::createSoundInternal             : exinfo->userclose          = 00007FF8B8F07AE0
[LOG] SystemI::createSoundInternal             : exinfo->userread           = 00007FF8B8F07BE0
[LOG] SystemI::createSoundInternal             : exinfo->userseek           = 00007FF8B8F07CA0
[LOG] SystemI::createSoundInternal             : exinfo->fileuserdata       = 00000199C467C838
[LOG] SystemI::createSoundInternal             : exinfo->initialseekpostype = 1
[LOG] SystemI::DSPCodecPoolRegister            : register codec pool for pool type 5
[LOG] SystemI::createSoundInternal             : Sample 0/1: name='footsteps_player_wood_04', format=5, channels=1, frequency=48000, lengthbytes=2816, lengthpcm=23607, pcmblocksize=0, loopstart=0, loopend=0, mode=0x00000000, channelmask=0x00000000, channelorder=0, peakvolume=0.503662.
[LOG] SystemI::createSoundInternal             : Create name='', mode=0x02000202
[LOG] SystemI::createSoundInternal             : exinfo->cbsize             = 224
[LOG] SystemI::createSoundInternal             : exinfo->length             = 21507872
[LOG] SystemI::createSoundInternal             : exinfo->fileoffset         = 77824
[LOG] SystemI::createSoundInternal             : exinfo->numsubsounds       = 1
[LOG] SystemI::createSoundInternal             : exinfo->inclusionlist      = 000000010517F098
[LOG] SystemI::createSoundInternal             : exinfo->inclusionlistnum   = 1
[LOG] SystemI::createSoundInternal             : exinfo->suggestedsoundtype = 5
[LOG] SystemI::createSoundInternal             : exinfo->useropen           = 00007FF8B8F07B10
[LOG] SystemI::createSoundInternal             : exinfo->userclose          = 00007FF8B8F07AE0
[LOG] SystemI::createSoundInternal             : exinfo->userread           = 00007FF8B8F07BE0
[LOG] SystemI::createSoundInternal             : exinfo->userseek           = 00007FF8B8F07CA0
[LOG] SystemI::createSoundInternal             : exinfo->fileuserdata       = 00000199C467C838
[LOG] SystemI::createSoundInternal             : exinfo->initialseekpostype = 1
[LOG] SystemI::DSPCodecPoolRegister            : register codec pool for pool type 5
[LOG] SystemI::createSoundInternal             : Sample 0/1: name='footsteps_player_carpet_03', format=5, channels=1, frequency=48000, lengthbytes=2656, lengthpcm=23998, pcmblocksize=0, loopstart=0, loopend=0, mode=0x00000000, channelmask=0x00000000, channelorder=0, peakvolume=0.503937.
[LOG] SystemI::createSoundInternal             : Create name='', mode=0x02000202
[LOG] SystemI::createSoundInternal             : exinfo->cbsize             = 224
[LOG] SystemI::createSoundInternal             : exinfo->length             = 21507872
[LOG] SystemI::createSoundInternal             : exinfo->fileoffset         = 77824
[LOG] SystemI::createSoundInternal             : exinfo->numsubsounds       = 1
[LOG] SystemI::createSoundInternal             : exinfo->inclusionlist      = 000000010517F098
[LOG] SystemI::createSoundInternal             : exinfo->inclusionlistnum   = 1
[LOG] SystemI::createSoundInternal             : exinfo->suggestedsoundtype = 5
[LOG] SystemI::createSoundInternal             : exinfo->useropen           = 00007FF8B8F07B10
[LOG] SystemI::createSoundInternal             : exinfo->userclose          = 00007FF8B8F07AE0
[LOG] SystemI::createSoundInternal             : exinfo->userread           = 00007FF8B8F07BE0
[LOG] SystemI::createSoundInternal             : exinfo->userseek           = 00007FF8B8F07CA0
[LOG] SystemI::createSoundInternal             : exinfo->fileuserdata       = 00000199C467C838
[LOG] SystemI::createSoundInternal             : exinfo->initialseekpostype = 1
[LOG] SystemI::DSPCodecPoolRegister            : register codec pool for pool type 5
[LOG] SystemI::createSoundInternal             : Sample 0/1: name='footsteps_player_grass_02', format=5, channels=1, frequency=48000, lengthbytes=4544, lengthpcm=23983, pcmblocksize=0, loopstart=0, loopend=0, mode=0x00000000, channelmask=0x00000000, channelorder=0, peakvolume=0.121368.
[LOG] SystemI::createSoundInternal             : Create name='', mode=0x02000202
[LOG] SystemI::createSoundInternal             : exinfo->cbsize             = 224
[LOG] SystemI::createSoundInternal             : exinfo->length             = 21507872
[LOG] SystemI::createSoundInternal             : exinfo->fileoffset         = 77824
[LOG] SystemI::createSoundInternal             : exinfo->numsubsounds       = 1
[LOG] SystemI::createSoundInternal             : exinfo->inclusionlist      = 000000010517F098
[LOG] SystemI::createSoundInternal             : exinfo->inclusionlistnum   = 1
[LOG] SystemI::createSoundInternal             : exinfo->suggestedsoundtype = 5
[LOG] SystemI::createSoundInternal             : exinfo->useropen           = 00007FF8B8F07B10
[LOG] SystemI::createSoundInternal             : exinfo->userclose          = 00007FF8B8F07AE0
[LOG] SystemI::createSoundInternal             : exinfo->userread           = 00007FF8B8F07BE0
[LOG] SystemI::createSoundInternal             : exinfo->userseek           = 00007FF8B8F07CA0
[LOG] SystemI::createSoundInternal             : exinfo->fileuserdata       = 00000199C467C838
[LOG] SystemI::createSoundInternal             : exinfo->initialseekpostype = 1
[LOG] SystemI::DSPCodecPoolRegister            : register codec pool for pool type 5
[LOG] SystemI::createSoundInternal             : Sample 0/1: name='footsteps_player_wood_03', format=5, channels=1, frequency=48000, lengthbytes=2720, lengthpcm=23998, pcmblocksize=0, loopstart=0, loopend=0, mode=0x00000000, channelmask=0x00000000, channelorder=0, peakvolume=0.503265.
[LOG] SystemI::createSoundInternal             : Create name='', mode=0x02000202
[LOG] SystemI::createSoundInternal             : exinfo->cbsize             = 224
[LOG] SystemI::createSoundInternal             : exinfo->length             = 21507872
[LOG] SystemI::createSoundInternal             : exinfo->fileoffset         = 77824
[LOG] SystemI::createSoundInternal             : exinfo->numsubsounds       = 1
[LOG] SystemI::createSoundInternal             : exinfo->inclusionlist      = 000000010517F098
[LOG] SystemI::createSoundInternal             : exinfo->inclusionlistnum   = 1
[LOG] SystemI::createSoundInternal             : exinfo->suggestedsoundtype = 5
[LOG] SystemI::createSoundInternal             : exinfo->useropen           = 00007FF8B8F07B10
[LOG] SystemI::createSoundInternal             : exinfo->userclose          = 00007FF8B8F07AE0
[LOG] SystemI::createSoundInternal             : exinfo->userread           = 00007FF8B8F07BE0
[LOG] SystemI::createSoundInternal             : exinfo->userseek           = 00007FF8B8F07CA0
[LOG] SystemI::createSoundInternal             : exinfo->fileuserdata       = 00000199C467C838
[LOG] SystemI::createSoundInternal             : exinfo->initialseekpostype = 1
[LOG] SystemI::DSPCodecPoolRegister            : register codec pool for pool type 5
[LOG] SystemI::createSoundInternal             : Sample 0/1: name='footsteps_player_grass_01', format=5, channels=1, frequency=48000, lengthbytes=4576, lengthpcm=24024, pcmblocksize=0, loopstart=0, loopend=0, mode=0x00000000, channelmask=0x00000000, channelorder=0, peakvolume=0.140381.
[LOG] SystemI::createSoundInternal             : Create name='', mode=0x02000202
[LOG] SystemI::createSoundInternal             : exinfo->cbsize             = 224
[LOG] SystemI::createSoundInternal             : exinfo->length             = 21507872
[LOG] SystemI::createSoundInternal             : exinfo->fileoffset         = 77824
[LOG] SystemI::createSoundInternal             : exinfo->numsubsounds       = 1
[LOG] SystemI::createSoundInternal             : exinfo->inclusionlist      = 000000010517F098
[LOG] SystemI::createSoundInternal             : exinfo->inclusionlistnum   = 1
[LOG] SystemI::createSoundInternal             : exinfo->suggestedsoundtype = 5
[LOG] SystemI::createSoundInternal             : exinfo->useropen           = 00007FF8B8F07B10
[LOG] SystemI::createSoundInternal             : exinfo->userclose          = 00007FF8B8F07AE0
[LOG] SystemI::createSoundInternal             : exinfo->userread           = 00007FF8B8F07BE0
[LOG] SystemI::createSoundInternal             : exinfo->userseek           = 00007FF8B8F07CA0
[LOG] SystemI::createSoundInternal             : exinfo->fileuserdata       = 00000199C467C838
[LOG] SystemI::createSoundInternal             : exinfo->initialseekpostype = 1
[LOG] SystemI::DSPCodecPoolRegister            : register codec pool for pool type 5
[LOG] SystemI::createSoundInternal             : Sample 0/1: name='footsteps_player_wood_01', format=5, channels=1, frequency=48000, lengthbytes=2368, lengthpcm=24064, pcmblocksize=0, loopstart=0, loopend=0, mode=0x00000000, channelmask=0x00000000, channelorder=0, peakvolume=0.486694.
[LOG] SystemI::createSoundInternal             : Create name='', mode=0x02000202
[LOG] SystemI::createSoundInternal             : exinfo->cbsize             = 224
[LOG] SystemI::createSoundInternal             : exinfo->length             = 21507872
[LOG] SystemI::createSoundInternal             : exinfo->fileoffset         = 77824
[LOG] SystemI::createSoundInternal             : exinfo->numsubsounds       = 1
[LOG] SystemI::createSoundInternal             : exinfo->inclusionlist      = 000000010517F098
[LOG] SystemI::createSoundInternal             : exinfo->inclusionlistnum   = 1
[LOG] SystemI::createSoundInternal             : exinfo->suggestedsoundtype = 5
[LOG] SystemI::createSoundInternal             : exinfo->useropen           = 00007FF8B8F07B10
[LOG] SystemI::createSoundInternal             : exinfo->userclose          = 00007FF8B8F07AE0
[LOG] SystemI::createSoundInternal             : exinfo->userread           = 00007FF8B8F07BE0
[LOG] SystemI::createSoundInternal             : exinfo->userseek           = 00007FF8B8F07CA0
[LOG] SystemI::createSoundInternal             : exinfo->fileuserdata       = 00000199C467C838
[LOG] SystemI::createSoundInternal             : exinfo->initialseekpostype = 1
[LOG] SystemI::DSPCodecPoolRegister            : register codec pool for pool type 5
[LOG] SystemI::createSoundInternal             : Sample 0/1: name='footsteps_player_carpet_01', format=5, channels=1, frequency=48000, lengthbytes=2816, lengthpcm=23994, pcmblocksize=0, loopstart=0, loopend=0, mode=0x00000000, channelmask=0x00000000, channelorder=0, peakvolume=0.490570.
[LOG] SoundI::release                          :  (00000199B7D7C978)
[LOG] SoundI::release                          :     footsteps_player_carpet_01 (000001992336E268)
[LOG] SoundI::release                          :  (00000199B7D7C248)
[LOG] SoundI::release                          :     footsteps_player_carpet_02 (000001992336F108)
[LOG] SoundI::release                          :  (00000199B7D7D4F8)
[LOG] SoundI::release                          :     footsteps_player_carpet_03 (000001992336EA88)
[LOG] SoundI::release                          :  (00000199B7D7DAB8)
[LOG] SoundI::release                          :     footsteps_player_wood_01 (000001992336D8A8)
[LOG] SoundI::release                          :  (00000199B7D7D7D8)
[LOG] SoundI::release                          :     footsteps_player_wood_02 (000001992336F5E8)
[LOG] SoundI::release                          :  (00000199B7D7D948)
[LOG] SoundI::release                          :     footsteps_player_wood_03 (000001992336EC28)
[LOG] SoundI::release                          :  (00000199B7D7C698)
[LOG] SoundI::release                          :     footsteps_player_wood_04 (000001992336D708)
[LOG] SoundI::release                          :  (00000199B7D7C808)
[LOG] SoundI::release                          :     footsteps_player_grass_01 (000001992336DBE8)
[LOG] SoundI::release                          :  (00000199B7D7BC88)
[LOG] SoundI::release                          :     footsteps_player_grass_02 (000001992336DD88)
[LOG] SoundI::release                          :  (00000199B7D7C528)
[LOG] SoundI::release                          :     footsteps_player_grass_03 (000001992336F2A8)
[LOG] Manager::readBank                        : fileversion = 135, compatVersion = 132 (oldest = 44, newest = 135)
[LOG] PlaybackSystem::acquireMasterBus         : Setting master channel group format to 6
[LOG] Manager::readBank                        : fileversion = 135, compatVersion = 132 (oldest = 44, newest = 135)
[LOG] SystemI::createSoundInternal             : Create name='', mode=0x02000202
[LOG] SystemI::createSoundInternal             : exinfo->cbsize             = 224
[LOG] SystemI::createSoundInternal             : exinfo->length             = 21507872
[LOG] SystemI::createSoundInternal             : exinfo->fileoffset         = 77824
[LOG] SystemI::createSoundInternal             : exinfo->numsubsounds       = 1
[LOG] SystemI::createSoundInternal             : exinfo->inclusionlist      = 000000010517F098
[LOG] SystemI::createSoundInternal             : exinfo->inclusionlistnum   = 1
[LOG] SystemI::createSoundInternal             : exinfo->suggestedsoundtype = 5
[LOG] SystemI::createSoundInternal             : exinfo->useropen           = 00007FF8B8F07B10
[LOG] SystemI::createSoundInternal             : exinfo->userclose          = 00007FF8B8F07AE0
[LOG] SystemI::createSoundInternal             : exinfo->userread           = 00007FF8B8F07BE0
[LOG] SystemI::createSoundInternal             : exinfo->userseek           = 00007FF8B8F07CA0
[LOG] SystemI::createSoundInternal             : exinfo->fileuserdata       = 00000199C467D6A8
[LOG] SystemI::createSoundInternal             : exinfo->initialseekpostype = 1
[LOG] SystemI::DSPCodecPoolRegister            : register codec pool for pool type 5
[LOG] SystemI::createSoundInternal             : Sample 0/1: name='noise_short', format=5, channels=1, frequency=48000, lengthbytes=25440, lengthpcm=144000, pcmblocksize=0, loopstart=0, loopend=0, mode=0x00000000, channelmask=0x00000000, channelorder=0, peakvolume=0.518890.
[WRN] ShadowEventInstance::createProgrammerSound : Programmer sound callback is not set for instrument ''.
[WRN] EventInstance::createProgrammerSoundImpl : Programmer sound callback for instrument '' returned no sound.
[LOG] SoundI::release                          :  (00000199B7D7C528)
[LOG] SoundI::release                          :     noise_short (000001992336DD88)
[LOG] Thread::callback                         : FMOD Studio bank load thread finished.
[LOG] Thread::callback                         : FMOD Studio sample load thread finished.
[LOG] LiveUpdate::release                      : 
[LOG] LiveUpdate::reset                        : Reset connection (reason Disconnected)
[LOG] Thread::callback                         : FMOD stream thread finished.
[LOG] Thread::callback                         : FMOD mixer thread finished.
[LOG] SystemI::close                           : Closed.
